This is pdfTeX, Version 3.14159265-2.6-1.40.18 (TeX Live 2017/Debian) (preloaded format=pdflatex 2018.10.15)  23 MAY 2022 17:31
entering extended mode
 restricted \write18 enabled.
 %&-line parsing enabled.
**Laws_C2H.tex
(./Laws_C2H.tex
LaTeX2e <2017-04-15>
Babel <3.18> and hyphenation patterns for 7 language(s) loaded.
(/usr/share/texlive/texmf-dist/tex/latex/revtex/revtex4-1.cls
Document Class: revtex4-1 2010/07/25/20:33:00 4.1r (http://publish.aps.org/revt
ex4/ for documentation)
 Copyright (c) 2009 The American Physical Society.
 mailto:revtex@aps.org
 Licensed under the LPPL:
http://www.ctan.org/tex-archive/macros/latex/base/lppl.txt
 Arthur Ogawa <arthur_ogawa at sbcglobal dot net>
 Based on work by David Carlisle <david at dcarlisle.demon.co.uk>.
ltxutil[2010/07/25/20:33:00 4.1r utilities package (portions licensed from W. E
. Baxter web at superscript.com)]
LaTeX Info: Redefining \@centercr on input line 308.
Class revtex4-1 Info: Repairing broken LaTeX eqnarray on input line 358.
\eqncolsep=\skip41
Class revtex4-1 Info: Repairing hyperref-unfriendly LaTeX definition of \mpfoot
note on input line 433.
Class revtex4-1 Info: Repairing broken LateX \@sect on input line 755.
\intertabularlinepenalty=\count79
\@tbpen=\count80
\@arstrutbox@hline=\box26
Class revtex4-1 Info: Repairing broken LaTeX \@xbitor on input line 1786.
Class revtex4-1 Info: Making \typeout \long on input line 2046.
ltxfront[2010/07/25/20:33:00 4.1r frontmatter package (AO,DPC)]
\c@affil=\count81
\c@collab=\count82
\absbox=\box27
ltxgrid[2010/07/25/20:33:00 4.1r page grid package (portions licensed from W. E
. Baxter web at superscript.com)]
\c@linecount=\count83
\output@latex=\toks14
\box@size@1=\box28
\box@size@2=\box29
\@protection@box=\box30
\@topmark@saved=\toks15
\footins@saved=\box31
\footins@recovered=\box32
\column@recovered=\box33
\pagesofar=\box34
\footsofar=\box35
\pagegrid@col=\count84
Class revtex4-1 Info: Overriding \@vspace, \@vspacer, \@no@pgbk, \@newline, and
 \\  on input line 5578.
\c@part=\count85
\c@section=\count86
\c@subsection=\count87
\c@subsubsection=\count88
\c@paragraph=\count89
\c@subparagraph=\count90
\abovecaptionskip=\skip42
\belowcaptionskip=\skip43
\c@figure=\count91
\fbox@1=\box36
\c@table=\count92
\fbox@2=\box37
\c@video=\count93
\fbox@4=\box38
\@bibdataout=\write3
\widetext@top=\box39
\widetext@bot=\box40
Class revtex4-1 Info: Selecting society aip on input line 7542.
(./aip4-1.rtx
File: aip4-1.rtx 2010/07/25 4.1r AIP substyle for REVTeX
Class revtex4-1 Info: RevTeX society AIP selected on input line 75.
)

Class revtex4-1 Warning: No journal specified, using default cha.

Using journal substyle cha.

Class revtex4-1 Warning: No type size specified, using default 12.

Class revtex4-1 Info: Reading file aps12pt4-1.rtx on input line 7547.
(/usr/share/texlive/texmf-dist/tex/latex/revtex/aps12pt4-1.rtx
File: aps12pt4-1 2010/07/25/20:33:00 4.1r (http://publish.aps.org/revtex4/ for 
documentation)
Class revtex4-1 Info: RevTeX pointsize 12pt selected on input line 30.
)
Class revtex4-1 Info: Overriding 12pt on input line 7547.

(/usr/share/texlive/texmf-dist/tex/latex/textcase/textcase.sty
Package: textcase 2004/10/07 v0.07 Text only upper/lower case changing (DPC)
)
(/usr/share/texlive/texmf-dist/tex/latex/url/url.sty
\Urlmuskip=\muskip10
Package: url 2013/09/16  ver 3.4  Verb mode for urls, etc.
)
(/usr/share/texlive/texmf-dist/tex/latex/natbib/natbib.sty
Package: natbib 2010/09/13 8.31b (PWD, AO)
\bibhang=\skip44
\bibsep=\skip45
LaTeX Info: Redefining \cite on input line 694.
\c@NAT@ctr=\count94
)
Class revtex4-1 Info: Repairing natbib's \BibitemShut on input line 7549.

(/usr/share/texlive/texmf-dist/tex/latex/revtex/revsymb4-1.sty
Package: revsymb4-1 2010/07/25/20:33:00 4.1r (http://publish.aps.org/revtex4/ f
or documentation)
LaTeX Info: Redefining \REV@mathfrak on input line 119.
))
(/usr/share/texlive/texmf-dist/tex/latex/graphics/graphicx.sty
Package: graphicx 2017/06/01 v1.1a Enhanced LaTeX Graphics (DPC,SPQR)

(/usr/share/texlive/texmf-dist/tex/latex/graphics/keyval.sty
Package: keyval 2014/10/28 v1.15 key=value parser (DPC)
\KV@toks@=\toks16
)
(/usr/share/texlive/texmf-dist/tex/latex/graphics/graphics.sty
Package: graphics 2017/06/25 v1.2c Standard LaTeX Graphics (DPC,SPQR)

(/usr/share/texlive/texmf-dist/tex/latex/graphics/trig.sty
Package: trig 2016/01/03 v1.10 sin cos tan (DPC)
)
(/usr/share/texlive/texmf-dist/tex/latex/graphics-cfg/graphics.cfg
File: graphics.cfg 2016/06/04 v1.11 sample graphics configuration
)
Package graphics Info: Driver file: pdftex.def on input line 99.

(/usr/share/texlive/texmf-dist/tex/latex/graphics-def/pdftex.def
File: pdftex.def 2018/01/08 v1.0l Graphics/color driver for pdftex
))
\Gin@req@height=\dimen102
\Gin@req@width=\dimen103
)
(/usr/share/texlive/texmf-dist/tex/latex/tools/longtable.sty
Package: longtable 2014/10/28 v4.11 Multi-page Table package (DPC)
\LTleft=\skip46
\LTright=\skip47
\LTpre=\skip48
\LTpost=\skip49
\LTchunksize=\count95
\LTcapwidth=\dimen104
\LT@head=\box41
\LT@firsthead=\box42
\LT@foot=\box43
\LT@lastfoot=\box44
\LT@cols=\count96
\LT@rows=\count97
\c@LT@tables=\count98
\c@LT@chunks=\count99
\LT@p@ftn=\toks17
)
(/usr/share/texlive/texmf-dist/tex/latex/mhchem/mhchem.sty
Package: mhchem 2017/07/24 v4.07 for typesetting chemical formulae

(/usr/share/texlive/texmf-dist/tex/latex/l3kernel/expl3.sty
Package: expl3 2018/02/21 L3 programming layer (loader) 

(/usr/share/texlive/texmf-dist/tex/latex/l3kernel/expl3-code.tex
Package: expl3 2018/02/21 L3 programming layer (code)
\c_max_int=\count100
\l_tmpa_int=\count101
\l_tmpb_int=\count102
\g_tmpa_int=\count103
\g_tmpb_int=\count104
\g__intarray_font_int=\count105
\g__prg_map_int=\count106
\c_log_iow=\count107
\l_iow_line_count_int=\count108
\l__iow_line_target_int=\count109
\l__iow_one_indent_int=\count110
\l__iow_indent_int=\count111
\c_zero_dim=\dimen105
\c_max_dim=\dimen106
\l_tmpa_dim=\dimen107
\l_tmpb_dim=\dimen108
\g_tmpa_dim=\dimen109
\g_tmpb_dim=\dimen110
\c_zero_skip=\skip50
\c_max_skip=\skip51
\l_tmpa_skip=\skip52
\l_tmpb_skip=\skip53
\g_tmpa_skip=\skip54
\g_tmpb_skip=\skip55
\c_zero_muskip=\muskip11
\c_max_muskip=\muskip12
\l_tmpa_muskip=\muskip13
\l_tmpb_muskip=\muskip14
\g_tmpa_muskip=\muskip15
\g_tmpb_muskip=\muskip16
\l_keys_choice_int=\count112
\c__fp_leading_shift_int=\count113
\c__fp_middle_shift_int=\count114
\c__fp_trailing_shift_int=\count115
\c__fp_big_leading_shift_int=\count116
\c__fp_big_middle_shift_int=\count117
\c__fp_big_trailing_shift_int=\count118
\c__fp_Bigg_leading_shift_int=\count119
\c__fp_Bigg_middle_shift_int=\count120
\c__fp_Bigg_trailing_shift_int=\count121
\c__fp_rand_size_int=\count122
\c__fp_rand_four_int=\count123
\c__fp_rand_eight_int=\count124
\l__sort_length_int=\count125
\l__sort_min_int=\count126
\l__sort_top_int=\count127
\l__sort_max_int=\count128
\l__sort_true_max_int=\count129
\l__sort_block_int=\count130
\l__sort_begin_int=\count131
\l__sort_end_int=\count132
\l__sort_A_int=\count133
\l__sort_B_int=\count134
\l__sort_C_int=\count135
\l__tl_build_start_index_int=\count136
\l__tl_build_index_int=\count137
\l__tl_analysis_normal_int=\count138
\l__tl_analysis_index_int=\count139
\l__tl_analysis_nesting_int=\count140
\l__tl_analysis_type_int=\count141
\l__regex_internal_a_int=\count142
\l__regex_internal_b_int=\count143
\l__regex_internal_c_int=\count144
\l__regex_balance_int=\count145
\l__regex_group_level_int=\count146
\l__regex_mode_int=\count147
\c__regex_cs_in_class_mode_int=\count148
\c__regex_cs_mode_int=\count149
\l__regex_catcodes_int=\count150
\l__regex_default_catcodes_int=\count151
\c__regex_catcode_D_int=\count152
\c__regex_catcode_S_int=\count153
\c__regex_catcode_L_int=\count154
\c__regex_catcode_O_int=\count155
\c__regex_catcode_A_int=\count156
\c__regex_all_catcodes_int=\count157
\l__regex_show_lines_int=\count158
\l__regex_min_state_int=\count159
\l__regex_max_state_int=\count160
\l__regex_left_state_int=\count161
\l__regex_right_state_int=\count162
\l__regex_capturing_group_int=\count163
\l__regex_min_pos_int=\count164
\l__regex_max_pos_int=\count165
\l__regex_curr_pos_int=\count166
\l__regex_start_pos_int=\count167
\l__regex_success_pos_int=\count168
\l__regex_curr_char_int=\count169
\l__regex_curr_catcode_int=\count170
\l__regex_last_char_int=\count171
\l__regex_case_changed_char_int=\count172
\l__regex_curr_state_int=\count173
\l__regex_step_int=\count174
\l__regex_min_active_int=\count175
\l__regex_max_active_int=\count176
\l__regex_replacement_csnames_int=\count177
\l__regex_match_count_int=\count178
\l__regex_min_submatch_int=\count179
\l__regex_submatch_int=\count180
\l__regex_zeroth_submatch_int=\count181
\g__regex_trace_regex_int=\count182
\c_empty_box=\box45
\l_tmpa_box=\box46
\l_tmpb_box=\box47
\g_tmpa_box=\box48
\g_tmpb_box=\box49
\l__box_top_dim=\dimen111
\l__box_bottom_dim=\dimen112
\l__box_left_dim=\dimen113
\l__box_right_dim=\dimen114
\l__box_top_new_dim=\dimen115
\l__box_bottom_new_dim=\dimen116
\l__box_left_new_dim=\dimen117
\l__box_right_new_dim=\dimen118
\l__box_internal_box=\box50
\l__coffin_internal_box=\box51
\l__coffin_internal_dim=\dimen119
\l__coffin_offset_x_dim=\dimen120
\l__coffin_offset_y_dim=\dimen121
\l__coffin_x_dim=\dimen122
\l__coffin_y_dim=\dimen123
\l__coffin_x_prime_dim=\dimen124
\l__coffin_y_prime_dim=\dimen125
\c_empty_coffin=\box52
\l__coffin_aligned_coffin=\box53
\l__coffin_aligned_internal_coffin=\box54
\l_tmpa_coffin=\box55
\l_tmpb_coffin=\box56
\l__coffin_display_coffin=\box57
\l__coffin_display_coord_coffin=\box58
\l__coffin_display_pole_coffin=\box59
\l__coffin_display_offset_dim=\dimen126
\l__coffin_display_x_dim=\dimen127
\l__coffin_display_y_dim=\dimen128
\l__coffin_bounding_shift_dim=\dimen129
\l__coffin_left_corner_dim=\dimen130
\l__coffin_right_corner_dim=\dimen131
\l__coffin_bottom_corner_dim=\dimen132
\l__coffin_top_corner_dim=\dimen133
\l__coffin_scaled_total_height_dim=\dimen134
\l__coffin_scaled_width_dim=\dimen135
)
(/usr/share/texlive/texmf-dist/tex/latex/l3kernel/l3pdfmode.def
File: l3pdfmode.def 2017/03/18 v L3 Experimental driver: PDF mode
\l__driver_color_stack_int=\count183
\l__driver_tmp_box=\box60
))
(/usr/share/texlive/texmf-dist/tex/latex/l3packages/l3keys2e/l3keys2e.sty
Package: l3keys2e 2018/02/21 LaTeX2e option processing using LaTeX3 keys
)
(/usr/share/texlive/texmf-dist/tex/latex/tools/calc.sty
Package: calc 2014/10/28 v4.3 Infix arithmetic (KKT,FJ)
\calc@Acount=\count184
\calc@Bcount=\count185
\calc@Adimen=\dimen136
\calc@Bdimen=\dimen137
\calc@Askip=\skip56
\calc@Bskip=\skip57
LaTeX Info: Redefining \setlength on input line 80.
LaTeX Info: Redefining \addtolength on input line 81.
\calc@Ccount=\count186
\calc@Cskip=\skip58
)
(/usr/share/texlive/texmf-dist/tex/latex/amsmath/amsmath.sty
Package: amsmath 2017/09/02 v2.17a AMS math features
\@mathmargin=\skip59

For additional information on amsmath, use the `?' option.
(/usr/share/texlive/texmf-dist/tex/latex/amsmath/amstext.sty
Package: amstext 2000/06/29 v2.01 AMS text

(/usr/share/texlive/texmf-dist/tex/latex/amsmath/amsgen.sty
File: amsgen.sty 1999/11/30 v2.0 generic functions
\@emptytoks=\toks18
\ex@=\dimen138
)
LaTeX Info: Redefining \text on input line 28.
)
(/usr/share/texlive/texmf-dist/tex/latex/amsmath/amsbsy.sty
Package: amsbsy 1999/11/29 v1.2d Bold Symbols
\pmbraise@=\dimen139
)
(/usr/share/texlive/texmf-dist/tex/latex/amsmath/amsopn.sty
Package: amsopn 2016/03/08 v2.02 operator names
)
\inf@bad=\count187
LaTeX Info: Redefining \frac on input line 213.
\uproot@=\count188
\leftroot@=\count189
LaTeX Info: Redefining \overline on input line 375.
\classnum@=\count190
\DOTSCASE@=\count191
LaTeX Info: Redefining \ldots on input line 472.
LaTeX Info: Redefining \dots on input line 475.
LaTeX Info: Redefining \cdots on input line 596.
\Mathstrutbox@=\box61
\strutbox@=\box62
\big@size=\dimen140
LaTeX Font Info:    Redeclaring font encoding OML on input line 712.
LaTeX Font Info:    Redeclaring font encoding OMS on input line 713.
\macc@depth=\count192
\c@MaxMatrixCols=\count193
\dotsspace@=\muskip17
\c@parentequation=\count194
\dspbrk@lvl=\count195
\tag@help=\toks19
\row@=\count196
\column@=\count197
\maxfields@=\count198
\andhelp@=\toks20
\eqnshift@=\dimen141
\alignsep@=\dimen142
\tagshift@=\dimen143
\tagwidth@=\dimen144
\totwidth@=\dimen145
\lineht@=\dimen146
\@envbody=\toks21
\multlinegap=\skip60
\multlinetaggap=\skip61
\mathdisplay@stack=\toks22
LaTeX Info: Redefining \[ on input line 2817.
LaTeX Info: Redefining \] on input line 2818.
)
(/usr/share/texlive/texmf-dist/tex/latex/chemgreek/chemgreek.sty
(/usr/share/texlive/texmf-dist/tex/latex/l3packages/xparse/xparse.sty
Package: xparse 2018/02/21 L3 Experimental document command parser
\l__xparse_current_arg_int=\count199
\g__xparse_grabber_int=\count266
\l__xparse_m_args_int=\count267
\l__xparse_mandatory_args_int=\count268
\l__xparse_v_nesting_int=\count269
)
Package: chemgreek 2016/12/20 v1.1 interfaceforuprightgreeklettersforuseinchemi
stry (CN)
\l__chemgreek_tmpa_int=\count270
\g__chemgreek_tmpa_int=\count271
.................................................
. LaTeX info: "xparse/define-command"
. 
. Defining command \newchemgreekmapping with sig. 'O{}mm' on line 336.
.................................................
.................................................
. LaTeX info: "xparse/define-command"
. 
. Defining command \renewchemgreekmapping with sig. 'O{}mm' on line 339.
.................................................
.................................................
. LaTeX info: "xparse/define-command"
. 
. Defining command \declarechemgreekmapping with sig. 'O{}mm' on line 342.
.................................................
.................................................
. LaTeX info: "xparse/define-command"
. 
. Defining command \newchemgreekmappingalias with sig. 'mm' on line 347.
.................................................
.................................................
. LaTeX info: "xparse/define-command"
. 
. Defining command \renewchemgreekmappingalias with sig. 'mm' on line 350.
.................................................
.................................................
. LaTeX info: "xparse/define-command"
. 
. Defining command \declarechemgreekmappingalias with sig. 'mm' on line 353.
.................................................
.................................................
. LaTeX info: "xparse/define-command"
. 
. Defining command \changechemgreeksymbol with sig. 'mmmm' on line 383.
.................................................
.................................................
. LaTeX info: "xparse/define-command"
. 
. Defining command \chemgreekmappingsymbol with sig. 'mm' on line 477.
.................................................
.................................................
. LaTeX info: "xparse/define-command"
. 
. Defining command \activatechemgreekmapping with sig. 'sm' on line 486.
.................................................
.................................................
. LaTeX info: "xparse/define-command"
. 
. Defining command \selectchemgreekmapping with sig. 'm' on line 491.
.................................................
)
\l__mhchem_ce_distanceFromLastComma_int=\count272
\__mhchem_arrow_extPgfLength_skip=\skip62
\mhchem@minispace@tmp=\skip63
\mhchem@minibackspace@tmp=\skip64
\mhchem@bondwidth=\skip65
\mhchem@bondheight=\skip66
\mhchem@smallbondwidth@tmpA=\skip67
\mhchem@smallbondwidth@tmpB=\skip68
\mhchem@smallbondwidth=\skip69
\mhchem@bondtmp@minussidebearingleft=\skip70
\mhchem@bondtmp@minussidebearingright=\skip71
\l__mhchem_option_version_int=\count273
\mhchem@option@minusmathsidebearingleft=\dimen147
\mhchem@option@minusmathsidebearingright=\dimen148
\mhchem@option@minustextsidebearingleft=\dimen149
\mhchem@option@minustextsidebearingright=\dimen150
)
(/usr/share/texlive/texmf-dist/tex/latex/base/fontenc.sty
Package: fontenc 2017/04/05 v2.0i Standard LaTeX package

(/usr/share/texlive/texmf-dist/tex/latex/base/t1enc.def
File: t1enc.def 2017/04/05 v2.0i Standard LaTeX file
LaTeX Font Info:    Redeclaring font encoding T1 on input line 48.
))
(/usr/share/texlive/texmf-dist/tex/latex/xcolor/xcolor.sty
Package: xcolor 2016/05/11 v2.12 LaTeX color extensions (UK)

(/usr/share/texlive/texmf-dist/tex/latex/graphics-cfg/color.cfg
File: color.cfg 2016/01/02 v1.6 sample color configuration
)
Package xcolor Info: Driver file: pdftex.def on input line 225.
Package xcolor Info: Model `cmy' substituted by `cmy0' on input line 1348.
Package xcolor Info: Model `hsb' substituted by `rgb' on input line 1352.
Package xcolor Info: Model `RGB' extended on input line 1364.
Package xcolor Info: Model `HTML' substituted by `rgb' on input line 1366.
Package xcolor Info: Model `Hsb' substituted by `hsb' on input line 1367.
Package xcolor Info: Model `tHsb' substituted by `hsb' on input line 1368.
Package xcolor Info: Model `HSB' substituted by `hsb' on input line 1369.
Package xcolor Info: Model `Gray' substituted by `gray' on input line 1370.
Package xcolor Info: Model `wave' substituted by `hsb' on input line 1371.

(/usr/share/texlive/texmf-dist/tex/latex/graphics/dvipsnam.def
File: dvipsnam.def 2016/06/17 v3.0m Driver-dependent file (DPC,SPQR)
))
Class revtex4-1 Info: Patching LaTeX tabular. on input line 25.
Class revtex4-1 Info: Patching longtable package on input line 25.
Class revtex4-1 Info: Robustifying \LaTeX's \boldmath command on input line 25.

Class revtex4-1 Info: cite was not loaded (OK!) on input line 25.
Class revtex4-1 Info: mcite was not loaded (OK!) on input line 25.
Class revtex4-1 Info: multicol was not loaded (OK!) on input line 25.


LaTeX Warning: Unused global option(s):
    [graphicx].

(./Laws_C2H.aux)
\openout1 = `Laws_C2H.aux'.

LaTeX Font Info:    Checking defaults for OML/cmm/m/it on input line 25.
LaTeX Font Info:    ... okay on input line 25.
LaTeX Font Info:    Checking defaults for T1/cmr/m/n on input line 25.
LaTeX Font Info:    ... okay on input line 25.
LaTeX Font Info:    Checking defaults for OT1/cmr/m/n on input line 25.
LaTeX Font Info:    ... okay on input line 25.
LaTeX Font Info:    Checking defaults for OMS/cmsy/m/n on input line 25.
LaTeX Font Info:    ... okay on input line 25.
LaTeX Font Info:    Checking defaults for OMX/cmex/m/n on input line 25.
LaTeX Font Info:    ... okay on input line 25.
LaTeX Font Info:    Checking defaults for U/cmr/m/n on input line 25.
LaTeX Font Info:    ... okay on input line 25.

(/usr/share/texlive/texmf-dist/tex/context/base/mkii/supp-pdf.mkii
[Loading MPS to PDF converter (version 2006.09.02).]
\scratchcounter=\count274
\scratchdimen=\dimen151
\scratchbox=\box63
\nofMPsegments=\count275
\nofMParguments=\count276
\everyMPshowfont=\toks23
\MPscratchCnt=\count277
\MPscratchDim=\dimen152
\MPnumerator=\count278
\makeMPintoPDFobject=\count279
\everyMPtoPDFconversion=\toks24
) (/usr/share/texlive/texmf-dist/tex/latex/oberdiek/epstopdf-base.sty
Package: epstopdf-base 2016/05/15 v2.6 Base part for package epstopdf

(/usr/share/texlive/texmf-dist/tex/generic/oberdiek/infwarerr.sty
Package: infwarerr 2016/05/16 v1.4 Providing info/warning/error messages (HO)
)
(/usr/share/texlive/texmf-dist/tex/latex/oberdiek/grfext.sty
Package: grfext 2016/05/16 v1.2 Manage graphics extensions (HO)

(/usr/share/texlive/texmf-dist/tex/generic/oberdiek/kvdefinekeys.sty
Package: kvdefinekeys 2016/05/16 v1.4 Define keys (HO)

(/usr/share/texlive/texmf-dist/tex/generic/oberdiek/ltxcmds.sty
Package: ltxcmds 2016/05/16 v1.23 LaTeX kernel commands for general use (HO)
)))
(/usr/share/texlive/texmf-dist/tex/latex/oberdiek/kvoptions.sty
Package: kvoptions 2016/05/16 v3.12 Key value format for package options (HO)

(/usr/share/texlive/texmf-dist/tex/generic/oberdiek/kvsetkeys.sty
Package: kvsetkeys 2016/05/16 v1.17 Key value parser (HO)

(/usr/share/texlive/texmf-dist/tex/generic/oberdiek/etexcmds.sty
Package: etexcmds 2016/05/16 v1.6 Avoid name clashes with e-TeX commands (HO)

(/usr/share/texlive/texmf-dist/tex/generic/oberdiek/ifluatex.sty
Package: ifluatex 2016/05/16 v1.4 Provides the ifluatex switch (HO)
Package ifluatex Info: LuaTeX not detected.
)
Package etexcmds Info: Could not find \expanded.
(etexcmds)             That can mean that you are not using pdfTeX 1.50 or
(etexcmds)             that some package has redefined \expanded.
(etexcmds)             In the latter case, load this package earlier.
)))
(/usr/share/texlive/texmf-dist/tex/generic/oberdiek/pdftexcmds.sty
Package: pdftexcmds 2018/01/21 v0.26 Utility functions of pdfTeX for LuaTeX (HO
)

(/usr/share/texlive/texmf-dist/tex/generic/oberdiek/ifpdf.sty
Package: ifpdf 2017/03/15 v3.2 Provides the ifpdf switch
)
Package pdftexcmds Info: LuaTeX not detected.
Package pdftexcmds Info: \pdf@primitive is available.
Package pdftexcmds Info: \pdf@ifprimitive is available.
Package pdftexcmds Info: \pdfdraftmode found.
)
Package epstopdf-base Info: Redefining graphics rule for `.eps' on input line 4
38.
Package grfext Info: Graphics extension search list:
(grfext)             [.pdf,.png,.jpg,.mps,.jpeg,.jbig2,.jb2,.PDF,.PNG,.JPG,.JPE
G,.JBIG2,.JB2,.eps]
(grfext)             \AppendGraphicsExtensions on input line 456.

(/usr/share/texlive/texmf-dist/tex/latex/latexconfig/epstopdf-sys.cfg
File: epstopdf-sys.cfg 2010/07/13 v1.3 Configuration of (r)epstopdf for TeX Liv
e
))
.................................................
. chemgreek info: "mapping-activated"
. 
. Activating mapping `default' on line 25.
.................................................
\openout3 = `Laws_C2HNotes.bib'.

LaTeX Font Info:    Try loading font information for T1+cmss on input line 63.

(/usr/share/texlive/texmf-dist/tex/latex/base/t1cmss.fd
File: t1cmss.fd 2014/09/29 v2.5h Standard LaTeX font definitions
) [1{/var/lib/texmf/fonts/map/pdftex/updmap/pdftex.map}] [2] [3] [4]
Package epstopdf Info: Source file: <figures/Fig1.eps>
(epstopdf)                    date: 2022-05-23 17:26:32
(epstopdf)                    size: 7488611 bytes
(epstopdf)             Output file: <figures/Fig1-eps-converted-to.pdf>
(epstopdf)             Command: <repstopdf --outfile=figures/Fig1-eps-converted
-to.pdf figures/Fig1.eps>
(epstopdf)             \includegraphics on input line 100.
runsystem(repstopdf --outfile=figures/Fig1-eps-converted-to.pdf figures/Fig1.ep
s)...executed safely (allowed).

Package epstopdf Info: Result file: <figures/Fig1-eps-converted-to.pdf>
(epstopdf)                    date: 2022-05-23 17:31:07
(epstopdf)                    size: 116965 bytes.


pdfTeX warning: /usr/bin/pdflatex (file ./figures/Fig1-eps-converted-to.pdf): P
DF inclusion: found PDF version <1.7>, but at most version <1.5> allowed
<figures/Fig1-eps-converted-to.pdf, id=31, 340.27126pt x 175.65625pt>
File: figures/Fig1-eps-converted-to.pdf Graphic file (type pdf)
<use figures/Fig1-eps-converted-to.pdf>
Package pdftex.def Info: figures/Fig1-eps-converted-to.pdf  used on input line 
100.
(pdftex.def)             Requested size: 374.40143pt x 193.2841pt.
[5] [6 <./figures/Fig1-eps-converted-to.pdf>] [7]
Overfull \hbox (14.5521pt too wide) in paragraph at lines 126--128
\T1/cmr/m/n/12 tion. $\OML/cmm/m/it/12 ^^X$ \T1/cmr/m/n/12 rep-re-sents the ele
c-tronic states used in the ex-pan-sion ($\OML/cmm/m/it/12 ^^X \OT1/cmr/m/n/12 
= ^^F[](1\OML/cmm/m/it/12 A[]\OT1/cmr/m/n/12 )\OML/cmm/m/it/12 ;  []\OT1/cmr/m/
n/12 ^^E[](2\OML/cmm/m/it/12 A[]\OT1/cmr/m/n/12 )\OML/cmm/m/it/12 ;  []\OT1/cmr
/m/n/12 ^^E[](1\OML/cmm/m/it/12 A[]\OT1/cmr/m/n/12 )$\T1/cmr/m/n/12 ).
 []

Package epstopdf Info: Source file: <figures/Fig2.eps>
(epstopdf)                    date: 2022-05-23 17:29:09
(epstopdf)                    size: 279207 bytes
(epstopdf)             Output file: <figures/Fig2-eps-converted-to.pdf>
(epstopdf)             Command: <repstopdf --outfile=figures/Fig2-eps-converted
-to.pdf figures/Fig2.eps>
(epstopdf)             \includegraphics on input line 131.
runsystem(repstopdf --outfile=figures/Fig2-eps-converted-to.pdf figures/Fig2.ep
s)...executed safely (allowed).

Package epstopdf Info: Result file: <figures/Fig2-eps-converted-to.pdf>
(epstopdf)                    date: 2022-05-23 17:31:07
(epstopdf)                    size: 72295 bytes.


pdfTeX warning: /usr/bin/pdflatex (file ./figures/Fig2-eps-converted-to.pdf): P
DF inclusion: found PDF version <1.7>, but at most version <1.5> allowed
<figures/Fig2-eps-converted-to.pdf, id=103, 332.24126pt x 202.7575pt>
File: figures/Fig2-eps-converted-to.pdf Graphic file (type pdf)
<use figures/Fig2-eps-converted-to.pdf>
Package pdftex.def Info: figures/Fig2-eps-converted-to.pdf  used on input line 
131.
(pdftex.def)             Requested size: 234.0pt x 142.80482pt.
[8 <./figures/Fig2-eps-converted-to.pdf>] [9] [10] [11]
Package epstopdf Info: Source file: <figures/Fig3.eps>
(epstopdf)                    date: 2022-05-23 17:29:54
(epstopdf)                    size: 160354 bytes
(epstopdf)             Output file: <figures/Fig3-eps-converted-to.pdf>
(epstopdf)             Command: <repstopdf --outfile=figures/Fig3-eps-converted
-to.pdf figures/Fig3.eps>
(epstopdf)             \includegraphics on input line 214.
runsystem(repstopdf --outfile=figures/Fig3-eps-converted-to.pdf figures/Fig3.ep
s)...executed safely (allowed).

Package epstopdf Info: Result file: <figures/Fig3-eps-converted-to.pdf>
(epstopdf)                    date: 2022-05-23 17:31:08
(epstopdf)                    size: 40770 bytes.


pdfTeX warning: /usr/bin/pdflatex (file ./figures/Fig3-eps-converted-to.pdf): P
DF inclusion: found PDF version <1.7>, but at most version <1.5> allowed
<figures/Fig3-eps-converted-to.pdf, id=124, 220.825pt x 349.305pt>
File: figures/Fig3-eps-converted-to.pdf Graphic file (type pdf)
<use figures/Fig3-eps-converted-to.pdf>
Package pdftex.def Info: figures/Fig3-eps-converted-to.pdf  used on input line 
214.
(pdftex.def)             Requested size: 280.80286pt x 444.1987pt.
[12] [13 <./figures/Fig3-eps-converted-to.pdf>]
Package epstopdf Info: Source file: <figures/Fig4.eps>
(epstopdf)                    date: 2022-05-23 17:14:52
(epstopdf)                    size: 58120 bytes
(epstopdf)             Output file: <figures/Fig4-eps-converted-to.pdf>
(epstopdf)             Command: <repstopdf --outfile=figures/Fig4-eps-converted
-to.pdf figures/Fig4.eps>
(epstopdf)             \includegraphics on input line 227.
runsystem(repstopdf --outfile=figures/Fig4-eps-converted-to.pdf figures/Fig4.ep
s)...executed safely (allowed).

Package epstopdf Info: Result file: <figures/Fig4-eps-converted-to.pdf>
(epstopdf)                    date: 2022-05-23 17:31:08
(epstopdf)                    size: 26251 bytes.


pdfTeX warning: /usr/bin/pdflatex (file ./figures/Fig4-eps-converted-to.pdf): P
DF inclusion: found PDF version <1.7>, but at most version <1.5> allowed
<figures/Fig4-eps-converted-to.pdf, id=176, 426.59375pt x 336.25626pt>
File: figures/Fig4-eps-converted-to.pdf Graphic file (type pdf)
<use figures/Fig4-eps-converted-to.pdf>
Package pdftex.def Info: figures/Fig4-eps-converted-to.pdf  used on input line 
227.
(pdftex.def)             Requested size: 280.80286pt x 221.35002pt.
[14 <./figures/Fig4-eps-converted-to.pdf>] [15]
Package epstopdf Info: Source file: <figures/Fig5.eps>
(epstopdf)                    date: 2022-05-23 17:15:58
(epstopdf)                    size: 44918 bytes
(epstopdf)             Output file: <figures/Fig5-eps-converted-to.pdf>
(epstopdf)             Command: <repstopdf --outfile=figures/Fig5-eps-converted
-to.pdf figures/Fig5.eps>
(epstopdf)             \includegraphics on input line 261.
runsystem(repstopdf --outfile=figures/Fig5-eps-converted-to.pdf figures/Fig5.ep
s)...executed safely (allowed).

Package epstopdf Info: Result file: <figures/Fig5-eps-converted-to.pdf>
(epstopdf)                    date: 2022-05-23 17:31:08
(epstopdf)                    size: 23782 bytes.


pdfTeX warning: /usr/bin/pdflatex (file ./figures/Fig5-eps-converted-to.pdf): P
DF inclusion: found PDF version <1.7>, but at most version <1.5> allowed
<figures/Fig5-eps-converted-to.pdf, id=230, 504.88625pt x 360.34625pt>
File: figures/Fig5-eps-converted-to.pdf Graphic file (type pdf)
<use figures/Fig5-eps-converted-to.pdf>
Package pdftex.def Info: figures/Fig5-eps-converted-to.pdf  used on input line 
261.
(pdftex.def)             Requested size: 234.0pt x 167.00943pt.
[16 <./figures/Fig5-eps-converted-to.pdf>]
Package epstopdf Info: Source file: <figures/Fig6.eps>
(epstopdf)                    date: 2022-05-23 17:22:23
(epstopdf)                    size: 76343 bytes
(epstopdf)             Output file: <figures/Fig6-eps-converted-to.pdf>
(epstopdf)             Command: <repstopdf --outfile=figures/Fig6-eps-converted
-to.pdf figures/Fig6.eps>
(epstopdf)             \includegraphics on input line 271.
runsystem(repstopdf --outfile=figures/Fig6-eps-converted-to.pdf figures/Fig6.ep
s)...executed safely (allowed).

Package epstopdf Info: Result file: <figures/Fig6-eps-converted-to.pdf>
(epstopdf)                    date: 2022-05-23 17:31:08
(epstopdf)                    size: 32247 bytes.


pdfTeX warning: /usr/bin/pdflatex (file ./figures/Fig6-eps-converted-to.pdf): P
DF inclusion: found PDF version <1.7>, but at most version <1.5> allowed
<figures/Fig6-eps-converted-to.pdf, id=288, 478.78876pt x 338.26375pt>
File: figures/Fig6-eps-converted-to.pdf Graphic file (type pdf)
<use figures/Fig6-eps-converted-to.pdf>
Package pdftex.def Info: figures/Fig6-eps-converted-to.pdf  used on input line 
271.
(pdftex.def)             Requested size: 280.80286pt x 198.38673pt.
[17] [18 <./figures/Fig6-eps-converted-to.pdf>] (./Laws_C2H.bbl [19] [20]
[21] [22] [23] [24] [25] [26])

Class revtex4-1 Warning: Command \draft is obsolete;
Invoke option draft instead..

[27] (./Laws_C2H.aux) ) 
Here is how much of TeX's memory you used:
 14618 strings out of 494847
 263604 string characters out of 6179079
 349692 words of memory out of 5000000
 17827 multiletter control sequences out of 15000+600000
 543630 words of font info for 51 fonts, out of 8000000 for 9000
 59 hyphenation exceptions out of 8191
 41i,18n,35p,10408b,544s stack positions out of 5000i,500n,10000p,200000b,80000s
 </home/bal121/.texlive2017/texmf-var/fonts/pk/ljfour/jk
nappen/ec/ecbx1200.600pk> </home/bal121/.texlive2017/texmf-var/fonts/pk/ljfour/
jknappen/ec/ecrm1000.600pk> </home/bal121/.texlive2017/texmf-var/fonts/pk/ljfou
r/jknappen/ec/ecrm0700.600pk> </home/bal121/.texlive2017/texmf-var/fonts/pk/ljf
our/jknappen/ec/ecrm1200.600pk> </home/bal121/.texlive2017/texmf-var/fonts/pk/l
jfour/jknappen/ec/ecrm1095.600pk> </home/bal121/.texlive2017/texmf-var/fonts/pk
/ljfour/jknappen/ec/ecti1200.600pk> </home/bal121/.texlive2017/texmf-var/fonts/
pk/ljfour/jknappen/ec/ecrm0800.600pk> </home/bal121/.texlive2017/texmf-var/font
s/pk/ljfour/jknappen/ec/ecss0800.600pk> </home/bal121/.texlive2017/texmf-var/fo
nts/pk/ljfour/jknappen/ec/ecss1200.600pk> </home/bal121/.texlive2017/texmf-var/
fonts/pk/ljfour/jknappen/ec/ecsx1200.600pk></usr/share/texlive/texmf-dist/fonts
/type1/public/amsfonts/cm/cmex10.pfb></usr/share/texlive/texmf-dist/fonts/type1
/public/amsfonts/cmextra/cmex8.pfb></usr/share/texlive/texmf-dist/fonts/type1/p
ublic/amsfonts/cm/cmmi10.pfb></usr/share/texlive/texmf-dist/fonts/type1/public/
amsfonts/cm/cmmi12.pfb></usr/share/texlive/texmf-dist/fonts/type1/public/amsfon
ts/cm/cmmi6.pfb></usr/share/texlive/texmf-dist/fonts/type1/public/amsfonts/cm/c
mmi8.pfb></usr/share/texlive/texmf-dist/fonts/type1/public/amsfonts/cm/cmr10.pf
b></usr/share/texlive/texmf-dist/fonts/type1/public/amsfonts/cm/cmr12.pfb></usr
/share/texlive/texmf-dist/fonts/type1/public/amsfonts/cm/cmr6.pfb></usr/share/t
exlive/texmf-dist/fonts/type1/public/amsfonts/cm/cmr8.pfb></usr/share/texlive/t
exmf-dist/fonts/type1/public/amsfonts/cm/cmsy10.pfb></usr/share/texlive/texmf-d
ist/fonts/type1/public/amsfonts/cm/cmsy6.pfb></usr/share/texlive/texmf-dist/fon
ts/type1/public/amsfonts/cm/cmsy8.pfb></usr/share/texlive/texmf-dist/fonts/type
1/urw/helvetic/uhvr8a.pfb>
Output written on Laws_C2H.pdf (27 pages, 594066 bytes).
PDF statistics:
 811 PDF objects out of 1000 (max. 8388607)
 196 compressed objects within 2 object streams
 0 named destinations out of 1000 (max. 500000)
 31 words of extra memory for PDF output out of 10000 (max. 10000000)

